  Main.cpp
C:\Users\ChrysN\source\repos\TTS_GRAFKOM_G_672018135\TTS_GRAFKOM_G_672018135\Main.cpp(15,25): warning C4244: 'argument': conversion from 'int' to 'GLfloat', possible loss of data
C:\Users\ChrysN\source\repos\TTS_GRAFKOM_G_672018135\TTS_GRAFKOM_G_672018135\Main.cpp(15,17): warning C4244: 'argument': conversion from 'int' to 'GLfloat', possible loss of data
C:\Users\ChrysN\source\repos\TTS_GRAFKOM_G_672018135\TTS_GRAFKOM_G_672018135\Main.cpp(16,24): warning C4244: 'argument': conversion from 'int' to 'GLfloat', possible loss of data
C:\Users\ChrysN\source\repos\TTS_GRAFKOM_G_672018135\TTS_GRAFKOM_G_672018135\Main.cpp(16,17): warning C4244: 'argument': conversion from 'int' to 'GLfloat', possible loss of data
C:\Users\ChrysN\source\repos\TTS_GRAFKOM_G_672018135\TTS_GRAFKOM_G_672018135\Main.cpp(17,25): warning C4244: 'argument': conversion from 'int' to 'GLfloat', possible loss of data
C:\Users\ChrysN\source\repos\TTS_GRAFKOM_G_672018135\TTS_GRAFKOM_G_672018135\Main.cpp(17,18): warning C4244: 'argument': conversion from 'int' to 'GLfloat', possible loss of data
C:\Users\ChrysN\source\repos\TTS_GRAFKOM_G_672018135\TTS_GRAFKOM_G_672018135\Main.cpp(18,26): warning C4244: 'argument': conversion from 'int' to 'GLfloat', possible loss of data
C:\Users\ChrysN\source\repos\TTS_GRAFKOM_G_672018135\TTS_GRAFKOM_G_672018135\Main.cpp(18,18): warning C4244: 'argument': conversion from 'int' to 'GLfloat', possible loss of data
C:\Users\ChrysN\source\repos\TTS_GRAFKOM_G_672018135\TTS_GRAFKOM_G_672018135\Main.cpp(24,27): warning C4244: 'argument': conversion from 'int' to 'GLfloat', possible loss of data
C:\Users\ChrysN\source\repos\TTS_GRAFKOM_G_672018135\TTS_GRAFKOM_G_672018135\Main.cpp(24,19): warning C4244: 'argument': conversion from 'int' to 'GLfloat', possible loss of data
C:\Users\ChrysN\source\repos\TTS_GRAFKOM_G_672018135\TTS_GRAFKOM_G_672018135\Main.cpp(30,27): warning C4244: 'argument': conversion from 'int' to 'GLfloat', possible loss of data
C:\Users\ChrysN\source\repos\TTS_GRAFKOM_G_672018135\TTS_GRAFKOM_G_672018135\Main.cpp(30,18): warning C4244: 'argument': conversion from 'int' to 'GLfloat', possible loss of data
C:\Users\ChrysN\source\repos\TTS_GRAFKOM_G_672018135\TTS_GRAFKOM_G_672018135\Main.cpp(35,27): warning C4244: 'argument': conversion from 'int' to 'GLfloat', possible loss of data
C:\Users\ChrysN\source\repos\TTS_GRAFKOM_G_672018135\TTS_GRAFKOM_G_672018135\Main.cpp(35,18): warning C4244: 'argument': conversion from 'int' to 'GLfloat', possible loss of data
C:\Users\ChrysN\source\repos\TTS_GRAFKOM_G_672018135\TTS_GRAFKOM_G_672018135\Main.cpp(36,26): warning C4244: 'argument': conversion from 'int' to 'GLfloat', possible loss of data
C:\Users\ChrysN\source\repos\TTS_GRAFKOM_G_672018135\TTS_GRAFKOM_G_672018135\Main.cpp(36,18): warning C4244: 'argument': conversion from 'int' to 'GLfloat', possible loss of data
C:\Users\ChrysN\source\repos\TTS_GRAFKOM_G_672018135\TTS_GRAFKOM_G_672018135\Main.cpp(37,27): warning C4244: 'argument': conversion from 'int' to 'GLfloat', possible loss of data
C:\Users\ChrysN\source\repos\TTS_GRAFKOM_G_672018135\TTS_GRAFKOM_G_672018135\Main.cpp(37,19): warning C4244: 'argument': conversion from 'int' to 'GLfloat', possible loss of data
C:\Users\ChrysN\source\repos\TTS_GRAFKOM_G_672018135\TTS_GRAFKOM_G_672018135\Main.cpp(38,28): warning C4244: 'argument': conversion from 'int' to 'GLfloat', possible loss of data
C:\Users\ChrysN\source\repos\TTS_GRAFKOM_G_672018135\TTS_GRAFKOM_G_672018135\Main.cpp(38,19): warning C4244: 'argument': conversion from 'int' to 'GLfloat', possible loss of data
  Generating code
  2 of 5 functions (40.0%) were compiled, the rest were copied from previous compilation.
    0 functions were new in current compilation
    0 functions had inline decision re-evaluated but remain unchanged
  Finished generating code
  TTS_GRAFKOM_G_672018135.vcxproj -> C:\Users\ChrysN\source\repos\TTS_GRAFKOM_G_672018135\x64\Release\TTS_GRAFKOM_G_672018135.exe
